<?xml version="1.0" encoding="UTF-8"?>
<!-- Generated by org.testng.reporters.JUnitReportReporter -->
<testsuite hostname="DESKTOP-FMB1J5N" failures="0" tests="1" name="GatwayTest.TC_001_GuruGatewyTest" time="17.280" errors="0" timestamp="2023-05-23T13:11:18 EDT" skipped="0">
  <testcase classname="GatwayTest.TC_001_GuruGatewyTest" name="buyAProduct" time="17.280"/>
  <system-out/>
</testsuite> <!-- GatwayTest.TC_001_GuruGatewyTest -->
